2017-02-15 17:08:32,148 [Worker-1] INFO  c.g.t.t.d.PublishedGradleVersions - Gradle version information cache is up-to-date. Trying to read.
2017-02-15 19:59:18,716 [Worker-2] INFO  c.g.t.t.d.PublishedGradleVersions - Gradle version information cache is up-to-date. Trying to read.
2017-02-15 21:54:41,062 [Worker-0] INFO  c.g.t.t.d.PublishedGradleVersions - Gradle version information cache is up-to-date. Trying to read.
2017-02-15 22:00:28,435 [Worker-14] INFO  o.e.m.c.i.e.AbstractTransferListenerAdapter - Downloading https://repo.maven.apache.org/maven2/org/eclipse/tycho/tycho-maven-plugin/0.25.0/tycho-maven-plugin-0.25.0.pom
2017-02-15 22:00:28,840 [Worker-14] INFO  o.e.m.c.i.e.AbstractTransferListenerAdapter - Downloaded https://repo.maven.apache.org/maven2/org/eclipse/tycho/tycho-maven-plugin/0.25.0/tycho-maven-plugin-0.25.0.pom
2017-02-15 22:00:29,207 [Worker-14] INFO  o.e.m.c.i.e.AbstractTransferListenerAdapter - Downloading https://repo.maven.apache.org/maven2/org/eclipse/tycho/tycho/0.25.0/tycho-0.25.0.pom
2017-02-15 22:00:29,869 [Worker-14] INFO  o.e.m.c.i.e.AbstractTransferListenerAdapter - Downloaded https://repo.maven.apache.org/maven2/org/eclipse/tycho/tycho/0.25.0/tycho-0.25.0.pom
2017-02-15 22:00:30,287 [Worker-14] INFO  o.e.m.c.i.e.AbstractTransferListenerAdapter - Downloading https://repo.maven.apache.org/maven2/org/eclipse/tycho/tycho-core/0.25.0/tycho-core-0.25.0.pom
2017-02-15 22:00:30,648 [Worker-14] INFO  o.e.m.c.i.e.AbstractTransferListenerAdapter - Downloaded https://repo.maven.apache.org/maven2/org/eclipse/tycho/tycho-core/0.25.0/tycho-core-0.25.0.pom
2017-02-15 22:00:31,029 [Worker-14] INFO  o.e.m.c.i.e.AbstractTransferListenerAdapter - Downloading https://repo.maven.apache.org/maven2/org/apache/maven/maven-core/3.0/maven-core-3.0.pom
2017-02-15 22:00:31,375 [Worker-14] INFO  o.e.m.c.i.e.AbstractTransferListenerAdapter - Downloaded https://repo.maven.apache.org/maven2/org/apache/maven/maven-core/3.0/maven-core-3.0.pom
2017-02-15 22:00:31,727 [Worker-14] INFO  o.e.m.c.i.e.AbstractTransferListenerAdapter - Downloading https://repo.maven.apache.org/maven2/org/apache/maven/maven/3.0/maven-3.0.pom
2017-02-15 22:00:32,159 [Worker-14] INFO  o.e.m.c.i.e.AbstractTransferListenerAdapter - Downloaded https://repo.maven.apache.org/maven2/org/apache/maven/maven/3.0/maven-3.0.pom
2017-02-15 22:00:32,506 [Worker-14] INFO  o.e.m.c.i.e.AbstractTransferListenerAdapter - Downloading https://repo.maven.apache.org/maven2/org/apache/maven/maven-parent/15/maven-parent-15.pom
2017-02-15 22:00:32,945 [Worker-14] INFO  o.e.m.c.i.e.AbstractTransferListenerAdapter - Downloaded https://repo.maven.apache.org/maven2/org/apache/maven/maven-parent/15/maven-parent-15.pom
2017-02-15 22:00:33,286 [Worker-14] INFO  o.e.m.c.i.e.AbstractTransferListenerAdapter - Downloading https://repo.maven.apache.org/maven2/org/apache/apache/6/apache-6.pom
2017-02-15 22:00:33,661 [Worker-14] INFO  o.e.m.c.i.e.AbstractTransferListenerAdapter - Downloaded https://repo.maven.apache.org/maven2/org/apache/apache/6/apache-6.pom
2017-02-15 22:00:34,026 [Worker-14] INFO  o.e.m.c.i.e.AbstractTransferListenerAdapter - Downloading https://repo.maven.apache.org/maven2/org/apache/maven/maven-model/3.0/maven-model-3.0.pom
2017-02-15 22:00:34,361 [Worker-14] INFO  o.e.m.c.i.e.AbstractTransferListenerAdapter - Downloaded https://repo.maven.apache.org/maven2/org/apache/maven/maven-model/3.0/maven-model-3.0.pom
2017-02-15 22:00:34,862 [Worker-14] INFO  o.e.m.c.i.e.AbstractTransferListenerAdapter - Downloading https://repo.maven.apache.org/maven2/org/codehaus/plexus/plexus-utils/3.0.7/plexus-utils-3.0.7.pom
2017-02-15 22:00:35,243 [Worker-14] INFO  o.e.m.c.i.e.AbstractTransferListenerAdapter - Downloaded https://repo.maven.apache.org/maven2/org/codehaus/plexus/plexus-utils/3.0.7/plexus-utils-3.0.7.pom
2017-02-15 22:00:35,606 [Worker-14] INFO  o.e.m.c.i.e.AbstractTransferListenerAdapter - Downloading https://repo.maven.apache.org/maven2/org/codehaus/plexus/plexus/3.1/plexus-3.1.pom
2017-02-15 22:00:36,013 [Worker-14] INFO  o.e.m.c.i.e.AbstractTransferListenerAdapter - Downloaded https://repo.maven.apache.org/maven2/org/codehaus/plexus/plexus/3.1/plexus-3.1.pom
2017-02-15 22:00:36,406 [Worker-14] INFO  o.e.m.c.i.e.AbstractTransferListenerAdapter - Downloading https://repo.maven.apache.org/maven2/org/sonatype/spice/spice-parent/17/spice-parent-17.pom
2017-02-15 22:00:36,798 [Worker-14] INFO  o.e.m.c.i.e.AbstractTransferListenerAdapter - Downloaded https://repo.maven.apache.org/maven2/org/sonatype/spice/spice-parent/17/spice-parent-17.pom
2017-02-15 22:00:37,166 [Worker-14] INFO  o.e.m.c.i.e.AbstractTransferListenerAdapter - Downloading https://repo.maven.apache.org/maven2/org/sonatype/forge/forge-parent/10/forge-parent-10.pom
2017-02-15 22:00:37,556 [Worker-14] INFO  o.e.m.c.i.e.AbstractTransferListenerAdapter - Downloaded https://repo.maven.apache.org/maven2/org/sonatype/forge/forge-parent/10/forge-parent-10.pom
2017-02-15 22:00:37,925 [Worker-14] INFO  o.e.m.c.i.e.AbstractTransferListenerAdapter - Downloading https://repo.maven.apache.org/maven2/org/apache/maven/maven-settings/3.0/maven-settings-3.0.pom
2017-02-15 22:00:38,256 [Worker-14] INFO  o.e.m.c.i.e.AbstractTransferListenerAdapter - Downloaded https://repo.maven.apache.org/maven2/org/apache/maven/maven-settings/3.0/maven-settings-3.0.pom
2017-02-15 22:00:38,626 [Worker-14] INFO  o.e.m.c.i.e.AbstractTransferListenerAdapter - Downloading https://repo.maven.apache.org/maven2/org/apache/maven/maven-settings-builder/3.0/maven-settings-builder-3.0.pom
2017-02-15 22:00:38,948 [Worker-14] INFO  o.e.m.c.i.e.AbstractTransferListenerAdapter - Downloaded https://repo.maven.apache.org/maven2/org/apache/maven/maven-settings-builder/3.0/maven-settings-builder-3.0.pom
2017-02-15 22:00:39,281 [Worker-14] INFO  o.e.m.c.i.e.AbstractTransferListenerAdapter - Downloading https://repo.maven.apache.org/maven2/org/codehaus/plexus/plexus-interpolation/1.14/plexus-interpolation-1.14.pom
2017-02-15 22:00:39,637 [Worker-14] INFO  o.e.m.c.i.e.AbstractTransferListenerAdapter - Downloaded https://repo.maven.apache.org/maven2/org/codehaus/plexus/plexus-interpolation/1.14/plexus-interpolation-1.14.pom
2017-02-15 22:00:40,068 [Worker-14] INFO  o.e.m.c.i.e.AbstractTransferListenerAdapter - Downloading https://repo.maven.apache.org/maven2/org/codehaus/plexus/plexus-components/1.1.18/plexus-components-1.1.18.pom
2017-02-15 22:00:40,437 [Worker-14] INFO  o.e.m.c.i.e.AbstractTransferListenerAdapter - Downloaded https://repo.maven.apache.org/maven2/org/codehaus/plexus/plexus-components/1.1.18/plexus-components-1.1.18.pom
2017-02-15 22:00:40,765 [Worker-14] INFO  o.e.m.c.i.e.AbstractTransferListenerAdapter - Downloading https://repo.maven.apache.org/maven2/org/codehaus/plexus/plexus/2.0.7/plexus-2.0.7.pom
2017-02-15 22:00:41,198 [Worker-14] INFO  o.e.m.c.i.e.AbstractTransferListenerAdapter - Downloaded https://repo.maven.apache.org/maven2/org/codehaus/plexus/plexus/2.0.7/plexus-2.0.7.pom
2017-02-15 22:00:41,566 [Worker-14] INFO  o.e.m.c.i.e.AbstractTransferListenerAdapter - Downloading https://repo.maven.apache.org/maven2/org/codehaus/plexus/plexus-component-annotations/1.5.5/plexus-component-annotations-1.5.5.pom
2017-02-15 22:00:41,888 [Worker-14] INFO  o.e.m.c.i.e.AbstractTransferListenerAdapter - Downloaded https://repo.maven.apache.org/maven2/org/codehaus/plexus/plexus-component-annotations/1.5.5/plexus-component-annotations-1.5.5.pom
2017-02-15 22:00:42,224 [Worker-14] INFO  o.e.m.c.i.e.AbstractTransferListenerAdapter - Downloading https://repo.maven.apache.org/maven2/org/codehaus/plexus/plexus-containers/1.5.5/plexus-containers-1.5.5.pom
2017-02-15 22:00:42,587 [Worker-14] INFO  o.e.m.c.i.e.AbstractTransferListenerAdapter - Downloaded https://repo.maven.apache.org/maven2/org/codehaus/plexus/plexus-containers/1.5.5/plexus-containers-1.5.5.pom
2017-02-15 22:00:42,944 [Worker-14] INFO  o.e.m.c.i.e.AbstractTransferListenerAdapter - Downloading https://repo.maven.apache.org/maven2/org/sonatype/plexus/plexus-sec-dispatcher/1.3/plexus-sec-dispatcher-1.3.pom
2017-02-15 22:00:43,339 [Worker-14] INFO  o.e.m.c.i.e.AbstractTransferListenerAdapter - Downloaded https://repo.maven.apache.org/maven2/org/sonatype/plexus/plexus-sec-dispatcher/1.3/plexus-sec-dispatcher-1.3.pom
2017-02-15 22:00:43,686 [Worker-14] INFO  o.e.m.c.i.e.AbstractTransferListenerAdapter - Downloading https://repo.maven.apache.org/maven2/org/sonatype/spice/spice-parent/12/spice-parent-12.pom
2017-02-15 22:00:44,052 [Worker-14] INFO  o.e.m.c.i.e.AbstractTransferListenerAdapter - Downloaded https://repo.maven.apache.org/maven2/org/sonatype/spice/spice-parent/12/spice-parent-12.pom
2017-02-15 22:00:44,425 [Worker-14] INFO  o.e.m.c.i.e.AbstractTransferListenerAdapter - Downloading https://repo.maven.apache.org/maven2/org/sonatype/forge/forge-parent/4/forge-parent-4.pom
2017-02-15 22:00:44,802 [Worker-14] INFO  o.e.m.c.i.e.AbstractTransferListenerAdapter - Downloaded https://repo.maven.apache.org/maven2/org/sonatype/forge/forge-parent/4/forge-parent-4.pom
2017-02-15 22:00:45,246 [Worker-14] INFO  o.e.m.c.i.e.AbstractTransferListenerAdapter - Downloading https://repo.maven.apache.org/maven2/org/sonatype/plexus/plexus-cipher/1.7/plexus-cipher-1.7.pom
2017-02-15 22:00:45,628 [Worker-14] INFO  o.e.m.c.i.e.AbstractTransferListenerAdapter - Downloaded https://repo.maven.apache.org/maven2/org/sonatype/plexus/plexus-cipher/1.7/plexus-cipher-1.7.pom
2017-02-15 22:00:45,986 [Worker-14] INFO  o.e.m.c.i.e.AbstractTransferListenerAdapter - Downloading https://repo.maven.apache.org/maven2/org/sonatype/spice/spice-parent/15/spice-parent-15.pom
2017-02-15 22:00:46,417 [Worker-14] INFO  o.e.m.c.i.e.AbstractTransferListenerAdapter - Downloaded https://repo.maven.apache.org/maven2/org/sonatype/spice/spice-parent/15/spice-parent-15.pom
2017-02-15 22:00:46,785 [Worker-14] INFO  o.e.m.c.i.e.AbstractTransferListenerAdapter - Downloading https://repo.maven.apache.org/maven2/org/sonatype/forge/forge-parent/5/forge-parent-5.pom
2017-02-15 22:00:47,187 [Worker-14] INFO  o.e.m.c.i.e.AbstractTransferListenerAdapter - Downloaded https://repo.maven.apache.org/maven2/org/sonatype/forge/forge-parent/5/forge-parent-5.pom
2017-02-15 22:00:47,544 [Worker-14] INFO  o.e.m.c.i.e.AbstractTransferListenerAdapter - Downloading https://repo.maven.apache.org/maven2/org/apache/maven/maven-repository-metadata/3.0/maven-repository-metadata-3.0.pom
2017-02-15 22:00:47,921 [Worker-14] INFO  o.e.m.c.i.e.AbstractTransferListenerAdapter - Downloaded https://repo.maven.apache.org/maven2/org/apache/maven/maven-repository-metadata/3.0/maven-repository-metadata-3.0.pom
2017-02-15 22:00:48,265 [Worker-14] INFO  o.e.m.c.i.e.AbstractTransferListenerAdapter - Downloading https://repo.maven.apache.org/maven2/org/apache/maven/maven-artifact/3.0/maven-artifact-3.0.pom
2017-02-15 22:00:48,651 [Worker-14] INFO  o.e.m.c.i.e.AbstractTransferListenerAdapter - Downloaded https://repo.maven.apache.org/maven2/org/apache/maven/maven-artifact/3.0/maven-artifact-3.0.pom
2017-02-15 22:00:49,025 [Worker-14] INFO  o.e.m.c.i.e.AbstractTransferListenerAdapter - Downloading https://repo.maven.apache.org/maven2/org/apache/maven/maven-plugin-api/3.0/maven-plugin-api-3.0.pom
2017-02-15 22:00:49,387 [Worker-14] INFO  o.e.m.c.i.e.AbstractTransferListenerAdapter - Downloaded https://repo.maven.apache.org/maven2/org/apache/maven/maven-plugin-api/3.0/maven-plugin-api-3.0.pom
2017-02-15 22:00:49,754 [Worker-14] INFO  o.e.m.c.i.e.AbstractTransferListenerAdapter - Downloading https://repo.maven.apache.org/maven2/org/sonatype/sisu/sisu-inject-plexus/1.4.2/sisu-inject-plexus-1.4.2.pom
2017-02-15 22:00:50,154 [Worker-14] INFO  o.e.m.c.i.e.AbstractTransferListenerAdapter - Downloaded https://repo.maven.apache.org/maven2/org/sonatype/sisu/sisu-inject-plexus/1.4.2/sisu-inject-plexus-1.4.2.pom
2017-02-15 22:00:50,626 [Worker-14] INFO  o.e.m.c.i.e.AbstractTransferListenerAdapter - Downloading https://repo.maven.apache.org/maven2/org/sonatype/sisu/inject/guice-plexus/1.4.2/guice-plexus-1.4.2.pom
2017-02-15 22:00:51,029 [Worker-14] INFO  o.e.m.c.i.e.AbstractTransferListenerAdapter - Downloaded https://repo.maven.apache.org/maven2/org/sonatype/sisu/inject/guice-plexus/1.4.2/guice-plexus-1.4.2.pom
2017-02-15 22:00:51,384 [Worker-14] INFO  o.e.m.c.i.e.AbstractTransferListenerAdapter - Downloading https://repo.maven.apache.org/maven2/org/sonatype/sisu/inject/guice-bean/1.4.2/guice-bean-1.4.2.pom
2017-02-15 22:00:51,760 [Worker-14] INFO  o.e.m.c.i.e.AbstractTransferListenerAdapter - Downloaded https://repo.maven.apache.org/maven2/org/sonatype/sisu/inject/guice-bean/1.4.2/guice-bean-1.4.2.pom
2017-02-15 22:00:52,095 [Worker-14] INFO  o.e.m.c.i.e.AbstractTransferListenerAdapter - Downloading https://repo.maven.apache.org/maven2/org/sonatype/sisu/sisu-inject/1.4.2/sisu-inject-1.4.2.pom
2017-02-15 22:00:52,531 [Worker-14] INFO  o.e.m.c.i.e.AbstractTransferListenerAdapter - Downloaded https://repo.maven.apache.org/maven2/org/sonatype/sisu/sisu-inject/1.4.2/sisu-inject-1.4.2.pom
2017-02-15 22:00:52,885 [Worker-14] INFO  o.e.m.c.i.e.AbstractTransferListenerAdapter - Downloading https://repo.maven.apache.org/maven2/org/sonatype/sisu/sisu-parent/1.4.2/sisu-parent-1.4.2.pom
2017-02-15 22:00:53,313 [Worker-14] INFO  o.e.m.c.i.e.AbstractTransferListenerAdapter - Downloaded https://repo.maven.apache.org/maven2/org/sonatype/sisu/sisu-parent/1.4.2/sisu-parent-1.4.2.pom
2017-02-15 22:00:53,645 [Worker-14] INFO  o.e.m.c.i.e.AbstractTransferListenerAdapter - Downloading https://repo.maven.apache.org/maven2/org/sonatype/forge/forge-parent/6/forge-parent-6.pom
2017-02-15 22:00:54,087 [Worker-14] INFO  o.e.m.c.i.e.AbstractTransferListenerAdapter - Downloaded https://repo.maven.apache.org/maven2/org/sonatype/forge/forge-parent/6/forge-parent-6.pom
2017-02-15 22:00:54,445 [Worker-14] INFO  o.e.m.c.i.e.AbstractTransferListenerAdapter - Downloading https://repo.maven.apache.org/maven2/org/codehaus/plexus/plexus-classworlds/2.2.3/plexus-classworlds-2.2.3.pom
2017-02-15 22:00:54,844 [Worker-14] INFO  o.e.m.c.i.e.AbstractTransferListenerAdapter - Downloaded https://repo.maven.apache.org/maven2/org/codehaus/plexus/plexus-classworlds/2.2.3/plexus-classworlds-2.2.3.pom
2017-02-15 22:00:55,205 [Worker-14] INFO  o.e.m.c.i.e.AbstractTransferListenerAdapter - Downloading https://repo.maven.apache.org/maven2/org/codehaus/plexus/plexus/2.0.6/plexus-2.0.6.pom
2017-02-15 22:00:55,637 [Worker-14] INFO  o.e.m.c.i.e.AbstractTransferListenerAdapter - Downloaded https://repo.maven.apache.org/maven2/org/codehaus/plexus/plexus/2.0.6/plexus-2.0.6.pom
2017-02-15 22:00:55,985 [Worker-14] INFO  o.e.m.c.i.e.AbstractTransferListenerAdapter - Downloading https://repo.maven.apache.org/maven2/org/sonatype/sisu/sisu-inject-bean/1.4.2/sisu-inject-bean-1.4.2.pom
2017-02-15 22:00:56,325 [Worker-14] INFO  o.e.m.c.i.e.AbstractTransferListenerAdapter - Downloaded https://repo.maven.apache.org/maven2/org/sonatype/sisu/sisu-inject-bean/1.4.2/sisu-inject-bean-1.4.2.pom
2017-02-15 22:00:56,685 [Worker-14] INFO  o.e.m.c.i.e.AbstractTransferListenerAdapter - Downloading https://repo.maven.apache.org/maven2/org/sonatype/sisu/sisu-guice/2.1.7/sisu-guice-2.1.7.pom
2017-02-15 22:00:57,089 [Worker-14] INFO  o.e.m.c.i.e.AbstractTransferListenerAdapter - Downloaded https://repo.maven.apache.org/maven2/org/sonatype/sisu/sisu-guice/2.1.7/sisu-guice-2.1.7.pom
2017-02-15 22:00:57,505 [Worker-14] INFO  o.e.m.c.i.e.AbstractTransferListenerAdapter - Downloading https://repo.maven.apache.org/maven2/org/apache/maven/maven-model-builder/3.0/maven-model-builder-3.0.pom
2017-02-15 22:00:57,889 [Worker-14] INFO  o.e.m.c.i.e.AbstractTransferListenerAdapter - Downloaded https://repo.maven.apache.org/maven2/org/apache/maven/maven-model-builder/3.0/maven-model-builder-3.0.pom
2017-02-15 22:00:58,264 [Worker-14] INFO  o.e.m.c.i.e.AbstractTransferListenerAdapter - Downloading https://repo.maven.apache.org/maven2/org/apache/maven/maven-aether-provider/3.0/maven-aether-provider-3.0.pom
2017-02-15 22:00:58,661 [Worker-14] INFO  o.e.m.c.i.e.AbstractTransferListenerAdapter - Downloaded https://repo.maven.apache.org/maven2/org/apache/maven/maven-aether-provider/3.0/maven-aether-provider-3.0.pom
2017-02-15 22:00:59,005 [Worker-14] INFO  o.e.m.c.i.e.AbstractTransferListenerAdapter - Downloading https://repo.maven.apache.org/maven2/org/sonatype/aether/aether-api/1.7/aether-api-1.7.pom
2017-02-15 22:00:59,410 [Worker-14] INFO  o.e.m.c.i.e.AbstractTransferListenerAdapter - Downloaded https://repo.maven.apache.org/maven2/org/sonatype/aether/aether-api/1.7/aether-api-1.7.pom
2017-02-15 22:00:59,764 [Worker-14] INFO  o.e.m.c.i.e.AbstractTransferListenerAdapter - Downloading https://repo.maven.apache.org/maven2/org/sonatype/aether/aether-parent/1.7/aether-parent-1.7.pom
2017-02-15 22:01:00,166 [Worker-14] INFO  o.e.m.c.i.e.AbstractTransferListenerAdapter - Downloaded https://repo.maven.apache.org/maven2/org/sonatype/aether/aether-parent/1.7/aether-parent-1.7.pom
2017-02-15 22:01:00,545 [Worker-14] INFO  o.e.m.c.i.e.AbstractTransferListenerAdapter - Downloading https://repo.maven.apache.org/maven2/org/sonatype/aether/aether-util/1.7/aether-util-1.7.pom
2017-02-15 22:01:00,877 [Worker-14] INFO  o.e.m.c.i.e.AbstractTransferListenerAdapter - Downloaded https://repo.maven.apache.org/maven2/org/sonatype/aether/aether-util/1.7/aether-util-1.7.pom
2017-02-15 22:01:01,264 [Worker-14] INFO  o.e.m.c.i.e.AbstractTransferListenerAdapter - Downloading https://repo.maven.apache.org/maven2/org/sonatype/aether/aether-impl/1.7/aether-impl-1.7.pom
2017-02-15 22:01:01,664 [Worker-14] INFO  o.e.m.c.i.e.AbstractTransferListenerAdapter - Downloaded https://repo.maven.apache.org/maven2/org/sonatype/aether/aether-impl/1.7/aether-impl-1.7.pom
2017-02-15 22:01:02,025 [Worker-14] INFO  o.e.m.c.i.e.AbstractTransferListenerAdapter - Downloading https://repo.maven.apache.org/maven2/org/sonatype/aether/aether-spi/1.7/aether-spi-1.7.pom
2017-02-15 22:01:02,389 [Worker-14] INFO  o.e.m.c.i.e.AbstractTransferListenerAdapter - Downloaded https://repo.maven.apache.org/maven2/org/sonatype/aether/aether-spi/1.7/aether-spi-1.7.pom
2017-02-15 22:01:02,765 [Worker-14] INFO  o.e.m.c.i.e.AbstractTransferListenerAdapter - Downloading https://repo.maven.apache.org/maven2/org/codehaus/plexus/plexus-archiver/2.9.1/plexus-archiver-2.9.1.pom
2017-02-15 22:01:03,132 [Worker-14] INFO  o.e.m.c.i.e.AbstractTransferListenerAdapter - Downloaded https://repo.maven.apache.org/maven2/org/codehaus/plexus/plexus-archiver/2.9.1/plexus-archiver-2.9.1.pom
2017-02-15 22:01:03,477 [Worker-14] INFO  o.e.m.c.i.e.AbstractTransferListenerAdapter - Downloading https://repo.maven.apache.org/maven2/org/codehaus/plexus/plexus-components/1.3/plexus-components-1.3.pom
2017-02-15 22:01:03,842 [Worker-14] INFO  o.e.m.c.i.e.AbstractTransferListenerAdapter - Downloaded https://repo.maven.apache.org/maven2/org/codehaus/plexus/plexus-components/1.3/plexus-components-1.3.pom
2017-02-15 22:01:04,205 [Worker-14] INFO  o.e.m.c.i.e.AbstractTransferListenerAdapter - Downloading https://repo.maven.apache.org/maven2/org/codehaus/plexus/plexus/3.3/plexus-3.3.pom
2017-02-15 22:01:04,636 [Worker-14] INFO  o.e.m.c.i.e.AbstractTransferListenerAdapter - Downloaded https://repo.maven.apache.org/maven2/org/codehaus/plexus/plexus/3.3/plexus-3.3.pom
2017-02-15 22:01:05,085 [Worker-14] INFO  o.e.m.c.i.e.AbstractTransferListenerAdapter - Downloading https://repo.maven.apache.org/maven2/org/codehaus/plexus/plexus-io/2.4.1/plexus-io-2.4.1.pom
2017-02-15 22:01:05,433 [Worker-14] INFO  o.e.m.c.i.e.AbstractTransferListenerAdapter - Downloaded https://repo.maven.apache.org/maven2/org/codehaus/plexus/plexus-io/2.4.1/plexus-io-2.4.1.pom
2017-02-15 22:01:05,785 [Worker-14] INFO  o.e.m.c.i.e.AbstractTransferListenerAdapter - Downloading https://repo.maven.apache.org/maven2/org/codehaus/plexus/plexus-components/1.2/plexus-components-1.2.pom
2017-02-15 22:01:06,159 [Worker-14] INFO  o.e.m.c.i.e.AbstractTransferListenerAdapter - Downloaded https://repo.maven.apache.org/maven2/org/codehaus/plexus/plexus-components/1.2/plexus-components-1.2.pom
2017-02-15 22:01:06,564 [Worker-14] INFO  o.e.m.c.i.e.AbstractTransferListenerAdapter - Downloading https://repo.maven.apache.org/maven2/org/codehaus/plexus/plexus/3.2/plexus-3.2.pom
2017-02-15 22:01:06,996 [Worker-14] INFO  o.e.m.c.i.e.AbstractTransferListenerAdapter - Downloaded https://repo.maven.apache.org/maven2/org/codehaus/plexus/plexus/3.2/plexus-3.2.pom
2017-02-15 22:01:07,405 [Worker-14] INFO  o.e.m.c.i.e.AbstractTransferListenerAdapter - Downloading https://repo.maven.apache.org/maven2/commons-io/commons-io/2.2/commons-io-2.2.pom
2017-02-15 22:01:07,803 [Worker-14] INFO  o.e.m.c.i.e.AbstractTransferListenerAdapter - Downloaded https://repo.maven.apache.org/maven2/commons-io/commons-io/2.2/commons-io-2.2.pom
2017-02-15 22:01:08,144 [Worker-14] INFO  o.e.m.c.i.e.AbstractTransferListenerAdapter - Downloading https://repo.maven.apache.org/maven2/org/apache/commons/commons-parent/24/commons-parent-24.pom
2017-02-15 22:01:08,776 [Worker-14] INFO  o.e.m.c.i.e.AbstractTransferListenerAdapter - Downloaded https://repo.maven.apache.org/maven2/org/apache/commons/commons-parent/24/commons-parent-24.pom
2017-02-15 22:01:09,226 [Worker-14] INFO  o.e.m.c.i.e.AbstractTransferListenerAdapter - Downloading https://repo.maven.apache.org/maven2/org/apache/apache/9/apache-9.pom
2017-02-15 22:01:09,577 [Worker-14] INFO  o.e.m.c.i.e.AbstractTransferListenerAdapter - Downloaded https://repo.maven.apache.org/maven2/org/apache/apache/9/apache-9.pom
2017-02-15 22:01:09,955 [Worker-14] INFO  o.e.m.c.i.e.AbstractTransferListenerAdapter - Downloading https://repo.maven.apache.org/maven2/org/apache/commons/commons-compress/1.9/commons-compress-1.9.pom
2017-02-15 22:01:10,356 [Worker-14] INFO  o.e.m.c.i.e.AbstractTransferListenerAdapter - Downloaded https://repo.maven.apache.org/maven2/org/apache/commons/commons-compress/1.9/commons-compress-1.9.pom
2017-02-15 22:01:10,771 [Worker-14] INFO  o.e.m.c.i.e.AbstractTransferListenerAdapter - Downloading https://repo.maven.apache.org/maven2/org/apache/commons/commons-parent/34/commons-parent-34.pom
2017-02-15 22:01:11,380 [Worker-14] INFO  o.e.m.c.i.e.AbstractTransferListenerAdapter - Downloaded https://repo.maven.apache.org/maven2/org/apache/commons/commons-parent/34/commons-parent-34.pom
2017-02-15 22:01:11,846 [Worker-14] INFO  o.e.m.c.i.e.AbstractTransferListenerAdapter - Downloading https://repo.maven.apache.org/maven2/org/apache/apache/13/apache-13.pom
2017-02-15 22:01:12,213 [Worker-14] INFO  o.e.m.c.i.e.AbstractTransferListenerAdapter - Downloaded https://repo.maven.apache.org/maven2/org/apache/apache/13/apache-13.pom
2017-02-15 22:01:12,578 [Worker-14] INFO  o.e.m.c.i.e.AbstractTransferListenerAdapter - Downloading https://repo.maven.apache.org/maven2/org/eclipse/tycho/org.eclipse.osgi.compatibility.state/1.0.100.v20150402-1551/org.eclipse.osgi.compatibility.state-1.0.100.v20150402-1551.pom
2017-02-15 22:01:12,946 [Worker-14] INFO  o.e.m.c.i.e.AbstractTransferListenerAdapter - Downloaded https://repo.maven.apache.org/maven2/org/eclipse/tycho/org.eclipse.osgi.compatibility.state/1.0.100.v20150402-1551/org.eclipse.osgi.compatibility.state-1.0.100.v20150402-1551.pom
2017-02-15 22:01:13,304 [Worker-14] INFO  o.e.m.c.i.e.AbstractTransferListenerAdapter - Downloading https://repo.maven.apache.org/maven2/org/eclipse/tycho/sisu-equinox-embedder/0.25.0/sisu-equinox-embedder-0.25.0.pom
2017-02-15 22:01:13,631 [Worker-14] INFO  o.e.m.c.i.e.AbstractTransferListenerAdapter - Downloaded https://repo.maven.apache.org/maven2/org/eclipse/tycho/sisu-equinox-embedder/0.25.0/sisu-equinox-embedder-0.25.0.pom
2017-02-15 22:01:13,978 [Worker-14] INFO  o.e.m.c.i.e.AbstractTransferListenerAdapter - Downloading https://repo.maven.apache.org/maven2/org/eclipse/tycho/sisu-equinox/0.25.0/sisu-equinox-0.25.0.pom
2017-02-15 22:01:14,356 [Worker-14] INFO  o.e.m.c.i.e.AbstractTransferListenerAdapter - Downloaded https://repo.maven.apache.org/maven2/org/eclipse/tycho/sisu-equinox/0.25.0/sisu-equinox-0.25.0.pom
2017-02-15 22:01:14,704 [Worker-14] INFO  o.e.m.c.i.e.AbstractTransferListenerAdapter - Downloading https://repo.maven.apache.org/maven2/org/eclipse/tycho/org.eclipse.osgi/3.10.101.v20150820-1432/org.eclipse.osgi-3.10.101.v20150820-1432.pom
2017-02-15 22:01:15,029 [Worker-14] INFO  o.e.m.c.i.e.AbstractTransferListenerAdapter - Downloaded https://repo.maven.apache.org/maven2/org/eclipse/tycho/org.eclipse.osgi/3.10.101.v20150820-1432/org.eclipse.osgi-3.10.101.v20150820-1432.pom
2017-02-15 22:01:15,386 [Worker-14] INFO  o.e.m.c.i.e.AbstractTransferListenerAdapter - Downloading https://repo.maven.apache.org/maven2/org/eclipse/tycho/sisu-equinox-api/0.25.0/sisu-equinox-api-0.25.0.pom
2017-02-15 22:01:15,758 [Worker-14] INFO  o.e.m.c.i.e.AbstractTransferListenerAdapter - Downloaded https://repo.maven.apache.org/maven2/org/eclipse/tycho/sisu-equinox-api/0.25.0/sisu-equinox-api-0.25.0.pom
2017-02-15 22:01:16,104 [Worker-14] INFO  o.e.m.c.i.e.AbstractTransferListenerAdapter - Downloading https://repo.maven.apache.org/maven2/org/eclipse/tycho/tycho-metadata-model/0.25.0/tycho-metadata-model-0.25.0.pom
2017-02-15 22:01:16,507 [Worker-14] INFO  o.e.m.c.i.e.AbstractTransferListenerAdapter - Downloaded https://repo.maven.apache.org/maven2/org/eclipse/tycho/tycho-metadata-model/0.25.0/tycho-metadata-model-0.25.0.pom
2017-02-15 22:01:16,926 [Worker-14] INFO  o.e.m.c.i.e.AbstractTransferListenerAdapter - Downloading https://repo.maven.apache.org/maven2/de/pdark/decentxml/1.3/decentxml-1.3.pom
2017-02-15 22:01:17,281 [Worker-14] INFO  o.e.m.c.i.e.AbstractTransferListenerAdapter - Downloaded https://repo.maven.apache.org/maven2/de/pdark/decentxml/1.3/decentxml-1.3.pom
2017-02-15 22:01:17,624 [Worker-14] INFO  o.e.m.c.i.e.AbstractTransferListenerAdapter - Downloading https://repo.maven.apache.org/maven2/org/eclipse/tycho/tycho-embedder-api/0.25.0/tycho-embedder-api-0.25.0.pom
2017-02-15 22:01:18,063 [Worker-14] INFO  o.e.m.c.i.e.AbstractTransferListenerAdapter - Downloaded https://repo.maven.apache.org/maven2/org/eclipse/tycho/tycho-embedder-api/0.25.0/tycho-embedder-api-0.25.0.pom
2017-02-15 22:01:18,420 [Worker-14] INFO  o.e.m.c.i.e.AbstractTransferListenerAdapter - Downloading https://repo.maven.apache.org/maven2/org/eclipse/tycho/org.eclipse.tycho.embedder.shared/0.25.0/org.eclipse.tycho.embedder.shared-0.25.0.pom
2017-02-15 22:01:18,771 [Worker-14] INFO  o.e.m.c.i.e.AbstractTransferListenerAdapter - Downloaded https://repo.maven.apache.org/maven2/org/eclipse/tycho/org.eclipse.tycho.embedder.shared/0.25.0/org.eclipse.tycho.embedder.shared-0.25.0.pom
2017-02-15 22:01:19,405 [Worker-14] INFO  o.e.m.c.i.e.AbstractTransferListenerAdapter - Downloading https://repo.maven.apache.org/maven2/org/eclipse/tycho/tycho-bundles/0.25.0/tycho-bundles-0.25.0.pom
2017-02-15 22:01:19,739 [Worker-14] INFO  o.e.m.c.i.e.AbstractTransferListenerAdapter - Downloaded https://repo.maven.apache.org/maven2/org/eclipse/tycho/tycho-bundles/0.25.0/tycho-bundles-0.25.0.pom
2017-02-15 22:01:20,058 [Worker-14] INFO  o.e.m.c.i.e.AbstractTransferListenerAdapter - Downloading https://repo.maven.apache.org/maven2/org/eclipse/tycho/org.eclipse.tycho.core.shared/0.25.0/org.eclipse.tycho.core.shared-0.25.0.pom
2017-02-15 22:01:20,422 [Worker-14] INFO  o.e.m.c.i.e.AbstractTransferListenerAdapter - Downloaded https://repo.maven.apache.org/maven2/org/eclipse/tycho/org.eclipse.tycho.core.shared/0.25.0/org.eclipse.tycho.core.shared-0.25.0.pom
2017-02-15 22:01:21,324 [Worker-14] INFO  o.e.m.c.i.e.AbstractTransferListenerAdapter - Downloading https://repo.maven.apache.org/maven2/org/eclipse/tycho/tycho-p2-facade/0.25.0/tycho-p2-facade-0.25.0.pom
2017-02-15 22:01:21,689 [Worker-14] INFO  o.e.m.c.i.e.AbstractTransferListenerAdapter - Downloaded https://repo.maven.apache.org/maven2/org/eclipse/tycho/tycho-p2-facade/0.25.0/tycho-p2-facade-0.25.0.pom
2017-02-15 22:01:22,144 [Worker-14] INFO  o.e.m.c.i.e.AbstractTransferListenerAdapter - Downloading https://repo.maven.apache.org/maven2/org/eclipse/tycho/tycho-p2/0.25.0/tycho-p2-0.25.0.pom
2017-02-15 22:01:22,470 [Worker-14] INFO  o.e.m.c.i.e.AbstractTransferListenerAdapter - Downloaded https://repo.maven.apache.org/maven2/org/eclipse/tycho/tycho-p2/0.25.0/tycho-p2-0.25.0.pom
2017-02-15 22:01:22,826 [Worker-14] INFO  o.e.m.c.i.e.AbstractTransferListenerAdapter - Downloading https://repo.maven.apache.org/maven2/org/eclipse/tycho/org.eclipse.tycho.p2.resolver.shared/0.25.0/org.eclipse.tycho.p2.resolver.shared-0.25.0.pom
2017-02-15 22:01:23,159 [Worker-14] INFO  o.e.m.c.i.e.AbstractTransferListenerAdapter - Downloaded https://repo.maven.apache.org/maven2/org/eclipse/tycho/org.eclipse.tycho.p2.resolver.shared/0.25.0/org.eclipse.tycho.p2.resolver.shared-0.25.0.pom
2017-02-15 22:01:23,524 [Worker-14] INFO  o.e.m.c.i.e.AbstractTransferListenerAdapter - Downloading https://repo.maven.apache.org/maven2/org/eclipse/tycho/org.eclipse.tycho.p2.tools.shared/0.25.0/org.eclipse.tycho.p2.tools.shared-0.25.0.pom
2017-02-15 22:01:23,872 [Worker-14] INFO  o.e.m.c.i.e.AbstractTransferListenerAdapter - Downloaded https://repo.maven.apache.org/maven2/org/eclipse/tycho/org.eclipse.tycho.p2.tools.shared/0.25.0/org.eclipse.tycho.p2.tools.shared-0.25.0.pom
2017-02-15 22:01:24,305 [Worker-14] INFO  o.e.m.c.i.e.AbstractTransferListenerAdapter - Downloading https://repo.maven.apache.org/maven2/org/eclipse/tycho/tycho-maven-plugin/0.25.0/tycho-maven-plugin-0.25.0.jar
2017-02-15 22:01:24,656 [Worker-14] INFO  o.e.m.c.i.e.AbstractTransferListenerAdapter - Downloaded https://repo.maven.apache.org/maven2/org/eclipse/tycho/tycho-maven-plugin/0.25.0/tycho-maven-plugin-0.25.0.jar
2017-02-15 22:01:24,965 [Worker-14] INFO  o.e.m.c.i.e.AbstractTransferListenerAdapter - Downloading https://repo.maven.apache.org/maven2/org/eclipse/tycho/tycho-core/0.25.0/tycho-core-0.25.0.jar
2017-02-15 22:01:26,361 [Worker-14] INFO  o.e.m.c.i.e.AbstractTransferListenerAdapter - Downloaded https://repo.maven.apache.org/maven2/org/eclipse/tycho/tycho-core/0.25.0/tycho-core-0.25.0.jar
2017-02-15 22:01:26,664 [Worker-14] INFO  o.e.m.c.i.e.AbstractTransferListenerAdapter - Downloading https://repo.maven.apache.org/maven2/org/apache/maven/maven-core/3.0/maven-core-3.0.jar
2017-02-15 22:01:29,422 [Worker-14] INFO  o.e.m.c.i.e.AbstractTransferListenerAdapter - Downloaded https://repo.maven.apache.org/maven2/org/apache/maven/maven-core/3.0/maven-core-3.0.jar
2017-02-15 22:01:29,745 [Worker-14] INFO  o.e.m.c.i.e.AbstractTransferListenerAdapter - Downloading https://repo.maven.apache.org/maven2/org/apache/maven/maven-model/3.0/maven-model-3.0.jar
2017-02-15 22:01:30,604 [Worker-14] INFO  o.e.m.c.i.e.AbstractTransferListenerAdapter - Downloaded https://repo.maven.apache.org/maven2/org/apache/maven/maven-model/3.0/maven-model-3.0.jar
2017-02-15 22:01:30,949 [Worker-14] INFO  o.e.m.c.i.e.AbstractTransferListenerAdapter - Downloading https://repo.maven.apache.org/maven2/org/apache/maven/maven-settings/3.0/maven-settings-3.0.jar
2017-02-15 22:01:31,391 [Worker-14] INFO  o.e.m.c.i.e.AbstractTransferListenerAdapter - Downloaded https://repo.maven.apache.org/maven2/org/apache/maven/maven-settings/3.0/maven-settings-3.0.jar
2017-02-15 22:01:31,750 [Worker-14] INFO  o.e.m.c.i.e.AbstractTransferListenerAdapter - Downloading https://repo.maven.apache.org/maven2/org/apache/maven/maven-settings-builder/3.0/maven-settings-builder-3.0.jar
2017-02-15 22:01:32,135 [Worker-14] INFO  o.e.m.c.i.e.AbstractTransferListenerAdapter - Downloaded https://repo.maven.apache.org/maven2/org/apache/maven/maven-settings-builder/3.0/maven-settings-builder-3.0.jar
2017-02-15 22:01:32,470 [Worker-14] INFO  o.e.m.c.i.e.AbstractTransferListenerAdapter - Downloading https://repo.maven.apache.org/maven2/org/apache/maven/maven-repository-metadata/3.0/maven-repository-metadata-3.0.jar
2017-02-15 22:01:32,915 [Worker-14] INFO  o.e.m.c.i.e.AbstractTransferListenerAdapter - Downloaded https://repo.maven.apache.org/maven2/org/apache/maven/maven-repository-metadata/3.0/maven-repository-metadata-3.0.jar
2017-02-15 22:01:33,253 [Worker-14] INFO  o.e.m.c.i.e.AbstractTransferListenerAdapter - Downloading https://repo.maven.apache.org/maven2/org/apache/maven/maven-artifact/3.0/maven-artifact-3.0.jar
2017-02-15 22:01:33,675 [Worker-14] INFO  o.e.m.c.i.e.AbstractTransferListenerAdapter - Downloaded https://repo.maven.apache.org/maven2/org/apache/maven/maven-artifact/3.0/maven-artifact-3.0.jar
2017-02-15 22:01:34,040 [Worker-14] INFO  o.e.m.c.i.e.AbstractTransferListenerAdapter - Downloading https://repo.maven.apache.org/maven2/org/apache/maven/maven-model-builder/3.0/maven-model-builder-3.0.jar
2017-02-15 22:01:34,728 [Worker-14] INFO  o.e.m.c.i.e.AbstractTransferListenerAdapter - Downloaded https://repo.maven.apache.org/maven2/org/apache/maven/maven-model-builder/3.0/maven-model-builder-3.0.jar
2017-02-15 22:01:35,063 [Worker-14] INFO  o.e.m.c.i.e.AbstractTransferListenerAdapter - Downloading https://repo.maven.apache.org/maven2/org/apache/maven/maven-aether-provider/3.0/maven-aether-provider-3.0.jar
2017-02-15 22:01:35,466 [Worker-14] INFO  o.e.m.c.i.e.AbstractTransferListenerAdapter - Downloaded https://repo.maven.apache.org/maven2/org/apache/maven/maven-aether-provider/3.0/maven-aether-provider-3.0.jar
2017-02-15 22:01:35,811 [Worker-14] INFO  o.e.m.c.i.e.AbstractTransferListenerAdapter - Downloading https://repo.maven.apache.org/maven2/org/sonatype/aether/aether-impl/1.7/aether-impl-1.7.jar
2017-02-15 22:01:36,315 [Worker-14] INFO  o.e.m.c.i.e.AbstractTransferListenerAdapter - Downloaded https://repo.maven.apache.org/maven2/org/sonatype/aether/aether-impl/1.7/aether-impl-1.7.jar
2017-02-15 22:01:36,655 [Worker-14] INFO  o.e.m.c.i.e.AbstractTransferListenerAdapter - Downloading https://repo.maven.apache.org/maven2/org/sonatype/aether/aether-spi/1.7/aether-spi-1.7.jar
2017-02-15 22:01:37,043 [Worker-14] INFO  o.e.m.c.i.e.AbstractTransferListenerAdapter - Downloaded https://repo.maven.apache.org/maven2/org/sonatype/aether/aether-spi/1.7/aether-spi-1.7.jar
2017-02-15 22:01:37,391 [Worker-14] INFO  o.e.m.c.i.e.AbstractTransferListenerAdapter - Downloading https://repo.maven.apache.org/maven2/org/sonatype/aether/aether-api/1.7/aether-api-1.7.jar
2017-02-15 22:01:37,825 [Worker-14] INFO  o.e.m.c.i.e.AbstractTransferListenerAdapter - Downloaded https://repo.maven.apache.org/maven2/org/sonatype/aether/aether-api/1.7/aether-api-1.7.jar
2017-02-15 22:01:38,166 [Worker-14] INFO  o.e.m.c.i.e.AbstractTransferListenerAdapter - Downloading https://repo.maven.apache.org/maven2/org/sonatype/aether/aether-util/1.7/aether-util-1.7.jar
2017-02-15 22:01:38,664 [Worker-14] INFO  o.e.m.c.i.e.AbstractTransferListenerAdapter - Downloaded https://repo.maven.apache.org/maven2/org/sonatype/aether/aether-util/1.7/aether-util-1.7.jar
2017-02-15 22:01:39,011 [Worker-14] INFO  o.e.m.c.i.e.AbstractTransferListenerAdapter - Downloading https://repo.maven.apache.org/maven2/org/sonatype/sisu/sisu-inject-plexus/1.4.2/sisu-inject-plexus-1.4.2.jar
2017-02-15 22:01:39,771 [Worker-14] INFO  o.e.m.c.i.e.AbstractTransferListenerAdapter - Downloaded https://repo.maven.apache.org/maven2/org/sonatype/sisu/sisu-inject-plexus/1.4.2/sisu-inject-plexus-1.4.2.jar
2017-02-15 22:01:40,103 [Worker-14] INFO  o.e.m.c.i.e.AbstractTransferListenerAdapter - Downloading https://repo.maven.apache.org/maven2/org/sonatype/sisu/sisu-inject-bean/1.4.2/sisu-inject-bean-1.4.2.jar
2017-02-15 22:01:40,734 [Worker-14] INFO  o.e.m.c.i.e.AbstractTransferListenerAdapter - Downloaded https://repo.maven.apache.org/maven2/org/sonatype/sisu/sisu-inject-bean/1.4.2/sisu-inject-bean-1.4.2.jar
2017-02-15 22:01:41,060 [Worker-14] INFO  o.e.m.c.i.e.AbstractTransferListenerAdapter - Downloading https://repo.maven.apache.org/maven2/org/sonatype/sisu/sisu-guice/2.1.7/sisu-guice-2.1.7-noaop.jar
2017-02-15 22:01:42,004 [Worker-14] INFO  o.e.m.c.i.e.AbstractTransferListenerAdapter - Downloaded https://repo.maven.apache.org/maven2/org/sonatype/sisu/sisu-guice/2.1.7/sisu-guice-2.1.7-noaop.jar
2017-02-15 22:01:42,336 [Worker-14] INFO  o.e.m.c.i.e.AbstractTransferListenerAdapter - Downloading https://repo.maven.apache.org/maven2/org/codehaus/plexus/plexus-interpolation/1.14/plexus-interpolation-1.14.jar
2017-02-15 22:01:42,704 [Worker-14] INFO  o.e.m.c.i.e.AbstractTransferListenerAdapter - Downloaded https://repo.maven.apache.org/maven2/org/codehaus/plexus/plexus-interpolation/1.14/plexus-interpolation-1.14.jar
2017-02-15 22:01:43,045 [Worker-14] INFO  o.e.m.c.i.e.AbstractTransferListenerAdapter - Downloading https://repo.maven.apache.org/maven2/org/codehaus/plexus/plexus-classworlds/2.2.3/plexus-classworlds-2.2.3.jar
2017-02-15 22:01:43,384 [Worker-14] INFO  o.e.m.c.i.e.AbstractTransferListenerAdapter - Downloaded https://repo.maven.apache.org/maven2/org/codehaus/plexus/plexus-classworlds/2.2.3/plexus-classworlds-2.2.3.jar
2017-02-15 22:01:43,731 [Worker-14] INFO  o.e.m.c.i.e.AbstractTransferListenerAdapter - Downloading https://repo.maven.apache.org/maven2/org/sonatype/plexus/plexus-sec-dispatcher/1.3/plexus-sec-dispatcher-1.3.jar
2017-02-15 22:01:44,064 [Worker-14] INFO  o.e.m.c.i.e.AbstractTransferListenerAdapter - Downloaded https://repo.maven.apache.org/maven2/org/sonatype/plexus/plexus-sec-dispatcher/1.3/plexus-sec-dispatcher-1.3.jar
2017-02-15 22:01:44,391 [Worker-14] INFO  o.e.m.c.i.e.AbstractTransferListenerAdapter - Downloading https://repo.maven.apache.org/maven2/org/sonatype/plexus/plexus-cipher/1.7/plexus-cipher-1.7.jar
2017-02-15 22:01:44,714 [Worker-14] INFO  o.e.m.c.i.e.AbstractTransferListenerAdapter - Downloaded https://repo.maven.apache.org/maven2/org/sonatype/plexus/plexus-cipher/1.7/plexus-cipher-1.7.jar
2017-02-15 22:01:45,032 [Worker-14] INFO  o.e.m.c.i.e.AbstractTransferListenerAdapter - Downloading https://repo.maven.apache.org/maven2/org/apache/maven/maven-plugin-api/3.0/maven-plugin-api-3.0.jar
2017-02-15 22:01:45,385 [Worker-14] INFO  o.e.m.c.i.e.AbstractTransferListenerAdapter - Downloaded https://repo.maven.apache.org/maven2/org/apache/maven/maven-plugin-api/3.0/maven-plugin-api-3.0.jar
2017-02-15 22:01:45,704 [Worker-14] INFO  o.e.m.c.i.e.AbstractTransferListenerAdapter - Downloading https://repo.maven.apache.org/maven2/org/codehaus/plexus/plexus-utils/3.0.7/plexus-utils-3.0.7.jar
2017-02-15 22:01:46,275 [Worker-14] INFO  o.e.m.c.i.e.AbstractTransferListenerAdapter - Downloaded https://repo.maven.apache.org/maven2/org/codehaus/plexus/plexus-utils/3.0.7/plexus-utils-3.0.7.jar
2017-02-15 22:01:46,584 [Worker-14] INFO  o.e.m.c.i.e.AbstractTransferListenerAdapter - Downloading https://repo.maven.apache.org/maven2/org/codehaus/plexus/plexus-archiver/2.9.1/plexus-archiver-2.9.1.jar
2017-02-15 22:01:47,065 [Worker-14] INFO  o.e.m.c.i.e.AbstractTransferListenerAdapter - Downloaded https://repo.maven.apache.org/maven2/org/codehaus/plexus/plexus-archiver/2.9.1/plexus-archiver-2.9.1.jar
2017-02-15 22:01:47,391 [Worker-14] INFO  o.e.m.c.i.e.AbstractTransferListenerAdapter - Downloading https://repo.maven.apache.org/maven2/org/codehaus/plexus/plexus-io/2.4.1/plexus-io-2.4.1.jar
2017-02-15 22:01:47,803 [Worker-14] INFO  o.e.m.c.i.e.AbstractTransferListenerAdapter - Downloaded https://repo.maven.apache.org/maven2/org/codehaus/plexus/plexus-io/2.4.1/plexus-io-2.4.1.jar
2017-02-15 22:01:48,130 [Worker-14] INFO  o.e.m.c.i.e.AbstractTransferListenerAdapter - Downloading https://repo.maven.apache.org/maven2/commons-io/commons-io/2.2/commons-io-2.2.jar
2017-02-15 22:01:48,628 [Worker-14] INFO  o.e.m.c.i.e.AbstractTransferListenerAdapter - Downloaded https://repo.maven.apache.org/maven2/commons-io/commons-io/2.2/commons-io-2.2.jar
2017-02-15 22:01:48,951 [Worker-14] INFO  o.e.m.c.i.e.AbstractTransferListenerAdapter - Downloading https://repo.maven.apache.org/maven2/org/apache/commons/commons-compress/1.9/commons-compress-1.9.jar
2017-02-15 22:01:49,702 [Worker-14] INFO  o.e.m.c.i.e.AbstractTransferListenerAdapter - Downloaded https://repo.maven.apache.org/maven2/org/apache/commons/commons-compress/1.9/commons-compress-1.9.jar
2017-02-15 22:01:50,030 [Worker-14] INFO  o.e.m.c.i.e.AbstractTransferListenerAdapter - Downloading https://repo.maven.apache.org/maven2/org/eclipse/tycho/org.eclipse.osgi.compatibility.state/1.0.100.v20150402-1551/org.eclipse.osgi.compatibility.state-1.0.100.v20150402-1551.jar
2017-02-15 22:01:50,574 [Worker-14] INFO  o.e.m.c.i.e.AbstractTransferListenerAdapter - Downloaded https://repo.maven.apache.org/maven2/org/eclipse/tycho/org.eclipse.osgi.compatibility.state/1.0.100.v20150402-1551/org.eclipse.osgi.compatibility.state-1.0.100.v20150402-1551.jar
2017-02-15 22:01:50,907 [Worker-14] INFO  o.e.m.c.i.e.AbstractTransferListenerAdapter - Downloading https://repo.maven.apache.org/maven2/org/eclipse/tycho/sisu-equinox-embedder/0.25.0/sisu-equinox-embedder-0.25.0.jar
2017-02-15 22:01:51,298 [Worker-14] INFO  o.e.m.c.i.e.AbstractTransferListenerAdapter - Downloaded https://repo.maven.apache.org/maven2/org/eclipse/tycho/sisu-equinox-embedder/0.25.0/sisu-equinox-embedder-0.25.0.jar
2017-02-15 22:01:51,631 [Worker-14] INFO  o.e.m.c.i.e.AbstractTransferListenerAdapter - Downloading https://repo.maven.apache.org/maven2/org/eclipse/tycho/org.eclipse.osgi/3.10.101.v20150820-1432/org.eclipse.osgi-3.10.101.v20150820-1432.jar
2017-02-15 22:01:53,028 [Worker-14] INFO  o.e.m.c.i.e.AbstractTransferListenerAdapter - Downloaded https://repo.maven.apache.org/maven2/org/eclipse/tycho/org.eclipse.osgi/3.10.101.v20150820-1432/org.eclipse.osgi-3.10.101.v20150820-1432.jar
2017-02-15 22:01:53,346 [Worker-14] INFO  o.e.m.c.i.e.AbstractTransferListenerAdapter - Downloading https://repo.maven.apache.org/maven2/org/eclipse/tycho/sisu-equinox-api/0.25.0/sisu-equinox-api-0.25.0.jar
2017-02-15 22:01:53,705 [Worker-14] INFO  o.e.m.c.i.e.AbstractTransferListenerAdapter - Downloaded https://repo.maven.apache.org/maven2/org/eclipse/tycho/sisu-equinox-api/0.25.0/sisu-equinox-api-0.25.0.jar
2017-02-15 22:01:54,033 [Worker-14] INFO  o.e.m.c.i.e.AbstractTransferListenerAdapter - Downloading https://repo.maven.apache.org/maven2/org/eclipse/tycho/tycho-metadata-model/0.25.0/tycho-metadata-model-0.25.0.jar
2017-02-15 22:01:54,409 [Worker-14] INFO  o.e.m.c.i.e.AbstractTransferListenerAdapter - Downloaded https://repo.maven.apache.org/maven2/org/eclipse/tycho/tycho-metadata-model/0.25.0/tycho-metadata-model-0.25.0.jar
2017-02-15 22:01:54,725 [Worker-14] INFO  o.e.m.c.i.e.AbstractTransferListenerAdapter - Downloading https://repo.maven.apache.org/maven2/de/pdark/decentxml/1.3/decentxml-1.3.jar
2017-02-15 22:01:55,135 [Worker-14] INFO  o.e.m.c.i.e.AbstractTransferListenerAdapter - Downloaded https://repo.maven.apache.org/maven2/de/pdark/decentxml/1.3/decentxml-1.3.jar
2017-02-15 22:01:55,448 [Worker-14] INFO  o.e.m.c.i.e.AbstractTransferListenerAdapter - Downloading https://repo.maven.apache.org/maven2/org/eclipse/tycho/tycho-embedder-api/0.25.0/tycho-embedder-api-0.25.0.jar
2017-02-15 22:01:55,785 [Worker-14] INFO  o.e.m.c.i.e.AbstractTransferListenerAdapter - Downloaded https://repo.maven.apache.org/maven2/org/eclipse/tycho/tycho-embedder-api/0.25.0/tycho-embedder-api-0.25.0.jar
2017-02-15 22:01:56,104 [Worker-14] INFO  o.e.m.c.i.e.AbstractTransferListenerAdapter - Downloading https://repo.maven.apache.org/maven2/org/eclipse/tycho/org.eclipse.tycho.embedder.shared/0.25.0/org.eclipse.tycho.embedder.shared-0.25.0.jar
2017-02-15 22:01:56,445 [Worker-14] INFO  o.e.m.c.i.e.AbstractTransferListenerAdapter - Downloaded https://repo.maven.apache.org/maven2/org/eclipse/tycho/org.eclipse.tycho.embedder.shared/0.25.0/org.eclipse.tycho.embedder.shared-0.25.0.jar
2017-02-15 22:01:56,764 [Worker-14] INFO  o.e.m.c.i.e.AbstractTransferListenerAdapter - Downloading https://repo.maven.apache.org/maven2/org/eclipse/tycho/org.eclipse.tycho.core.shared/0.25.0/org.eclipse.tycho.core.shared-0.25.0.jar
2017-02-15 22:01:57,096 [Worker-14] INFO  o.e.m.c.i.e.AbstractTransferListenerAdapter - Downloaded https://repo.maven.apache.org/maven2/org/eclipse/tycho/org.eclipse.tycho.core.shared/0.25.0/org.eclipse.tycho.core.shared-0.25.0.jar
2017-02-15 22:01:57,404 [Worker-14] INFO  o.e.m.c.i.e.AbstractTransferListenerAdapter - Downloading https://repo.maven.apache.org/maven2/org/eclipse/tycho/tycho-p2-facade/0.25.0/tycho-p2-facade-0.25.0.jar
2017-02-15 22:01:57,748 [Worker-14] INFO  o.e.m.c.i.e.AbstractTransferListenerAdapter - Downloaded https://repo.maven.apache.org/maven2/org/eclipse/tycho/tycho-p2-facade/0.25.0/tycho-p2-facade-0.25.0.jar
2017-02-15 22:01:58,064 [Worker-14] INFO  o.e.m.c.i.e.AbstractTransferListenerAdapter - Downloading https://repo.maven.apache.org/maven2/org/codehaus/plexus/plexus-component-annotations/1.5.5/plexus-component-annotations-1.5.5.jar
2017-02-15 22:01:58,398 [Worker-14] INFO  o.e.m.c.i.e.AbstractTransferListenerAdapter - Downloaded https://repo.maven.apache.org/maven2/org/codehaus/plexus/plexus-component-annotations/1.5.5/plexus-component-annotations-1.5.5.jar
2017-02-15 22:01:58,708 [Worker-14] INFO  o.e.m.c.i.e.AbstractTransferListenerAdapter - Downloading https://repo.maven.apache.org/maven2/org/eclipse/tycho/org.eclipse.tycho.p2.resolver.shared/0.25.0/org.eclipse.tycho.p2.resolver.shared-0.25.0.jar
2017-02-15 22:01:59,055 [Worker-14] INFO  o.e.m.c.i.e.AbstractTransferListenerAdapter - Downloaded https://repo.maven.apache.org/maven2/org/eclipse/tycho/org.eclipse.tycho.p2.resolver.shared/0.25.0/org.eclipse.tycho.p2.resolver.shared-0.25.0.jar
2017-02-15 22:01:59,364 [Worker-14] INFO  o.e.m.c.i.e.AbstractTransferListenerAdapter - Downloading https://repo.maven.apache.org/maven2/org/eclipse/tycho/org.eclipse.tycho.p2.tools.shared/0.25.0/org.eclipse.tycho.p2.tools.shared-0.25.0.jar
2017-02-15 22:01:59,739 [Worker-14] INFO  o.e.m.c.i.e.AbstractTransferListenerAdapter - Downloaded https://repo.maven.apache.org/maven2/org/eclipse/tycho/org.eclipse.tycho.p2.tools.shared/0.25.0/org.eclipse.tycho.p2.tools.shared-0.25.0.jar
2017-02-15 22:02:00,569 [Worker-14] WARN  o.e.a.i.i.DefaultRepositoryEventDispatcher - Failed to dispatch repository event to org.eclipse.m2e.core.internal.embedder.EclipseRepositoryListener: null
2017-02-15 22:02:01,560 [Worker-14] WARN  o.e.a.i.i.DefaultRepositoryEventDispatcher - Failed to dispatch repository event to org.eclipse.m2e.core.internal.embedder.EclipseRepositoryListener: null
2017-02-15 22:02:03,627 [Worker-14] WARN  o.e.a.i.i.DefaultRepositoryEventDispatcher - Failed to dispatch repository event to org.eclipse.m2e.core.internal.embedder.EclipseRepositoryListener: null
2017-02-15 22:02:04,659 [Worker-14] WARN  o.e.a.i.i.DefaultRepositoryEventDispatcher - Failed to dispatch repository event to org.eclipse.m2e.core.internal.embedder.EclipseRepositoryListener: null
2017-02-15 22:02:06,603 [Worker-14] INFO  o.e.m.c.i.e.AbstractTransferListenerAdapter - Downloading https://repo.maven.apache.org/maven2/org/eclipse/tycho/tycho-source-plugin/0.25.0/tycho-source-plugin-0.25.0.pom
2017-02-15 22:02:07,021 [Worker-14] INFO  o.e.m.c.i.e.AbstractTransferListenerAdapter - Downloaded https://repo.maven.apache.org/maven2/org/eclipse/tycho/tycho-source-plugin/0.25.0/tycho-source-plugin-0.25.0.pom
2017-02-15 22:02:07,533 [Worker-14] INFO  o.e.m.c.i.e.AbstractTransferListenerAdapter - Downloading https://repo.maven.apache.org/maven2/org/eclipse/tycho/tycho-source-plugin/0.25.0/tycho-source-plugin-0.25.0.jar
2017-02-15 22:02:07,929 [Worker-14] INFO  o.e.m.c.i.e.AbstractTransferListenerAdapter - Downloaded https://repo.maven.apache.org/maven2/org/eclipse/tycho/tycho-source-plugin/0.25.0/tycho-source-plugin-0.25.0.jar
2017-02-15 22:02:08,424 [Worker-14] INFO  o.e.m.c.i.e.AbstractTransferListenerAdapter - Downloading https://repo.maven.apache.org/maven2/org/eclipse/xtend/xtend-maven-plugin/2.11.0/xtend-maven-plugin-2.11.0.pom
2017-02-15 22:02:08,785 [Worker-14] INFO  o.e.m.c.i.e.AbstractTransferListenerAdapter - Downloaded https://repo.maven.apache.org/maven2/org/eclipse/xtend/xtend-maven-plugin/2.11.0/xtend-maven-plugin-2.11.0.pom
2017-02-15 22:02:09,175 [Worker-14] INFO  o.e.m.c.i.e.AbstractTransferListenerAdapter - Downloading https://repo.maven.apache.org/maven2/org/eclipse/xtend/org.eclipse.xtend.maven.parent/2.11.0/org.eclipse.xtend.maven.parent-2.11.0.pom
2017-02-15 22:02:09,494 [Worker-14] INFO  o.e.m.c.i.e.AbstractTransferListenerAdapter - Downloaded https://repo.maven.apache.org/maven2/org/eclipse/xtend/org.eclipse.xtend.maven.parent/2.11.0/org.eclipse.xtend.maven.parent-2.11.0.pom
2017-02-15 22:02:09,864 [Worker-14] INFO  o.e.m.c.i.e.AbstractTransferListenerAdapter - Downloading https://repo.maven.apache.org/maven2/org/eclipse/xtend/xtend-maven-plugin/2.11.0/xtend-maven-plugin-2.11.0.jar
2017-02-15 22:02:10,234 [Worker-14] INFO  o.e.m.c.i.e.AbstractTransferListenerAdapter - Downloaded https://repo.maven.apache.org/maven2/org/eclipse/xtend/xtend-maven-plugin/2.11.0/xtend-maven-plugin-2.11.0.jar
2017-02-15 22:02:10,830 [Worker-14] INFO  o.e.m.c.i.e.AbstractTransferListenerAdapter - Downloading https://repo.maven.apache.org/maven2/org/apache/maven/plugins/maven-clean-plugin/2.5/maven-clean-plugin-2.5.jar
2017-02-15 22:02:11,189 [Worker-14] INFO  o.e.m.c.i.e.AbstractTransferListenerAdapter - Downloaded https://repo.maven.apache.org/maven2/org/apache/maven/plugins/maven-clean-plugin/2.5/maven-clean-plugin-2.5.jar
2017-02-15 22:02:11,680 [Worker-14] INFO  o.e.m.c.i.e.AbstractTransferListenerAdapter - Downloading https://repo.maven.apache.org/maven2/org/eclipse/tycho/tycho-packaging-plugin/0.25.0/tycho-packaging-plugin-0.25.0.jar
2017-02-15 22:02:12,054 [Worker-14] INFO  o.e.m.c.i.e.AbstractTransferListenerAdapter - Downloaded https://repo.maven.apache.org/maven2/org/eclipse/tycho/tycho-packaging-plugin/0.25.0/tycho-packaging-plugin-0.25.0.jar
2017-02-15 22:02:12,563 [Worker-14] INFO  o.e.m.c.i.e.AbstractTransferListenerAdapter - Downloading https://repo.maven.apache.org/maven2/org/codehaus/mojo/exec-maven-plugin/1.4.0/exec-maven-plugin-1.4.0.jar
2017-02-15 22:02:12,957 [Worker-14] INFO  o.e.m.c.i.e.AbstractTransferListenerAdapter - Downloaded https://repo.maven.apache.org/maven2/org/codehaus/mojo/exec-maven-plugin/1.4.0/exec-maven-plugin-1.4.0.jar
2017-02-15 22:02:13,472 [Worker-14] INFO  o.e.m.c.i.e.AbstractTransferListenerAdapter - Downloading https://repo.maven.apache.org/maven2/org/apache/maven/plugins/maven-resources-plugin/2.4.3/maven-resources-plugin-2.4.3.jar
2017-02-15 22:02:13,807 [Worker-14] INFO  o.e.m.c.i.e.AbstractTransferListenerAdapter - Downloaded https://repo.maven.apache.org/maven2/org/apache/maven/plugins/maven-resources-plugin/2.4.3/maven-resources-plugin-2.4.3.jar
2017-02-15 22:02:14,305 [Worker-14] INFO  o.e.m.c.i.e.AbstractTransferListenerAdapter - Downloading https://repo.maven.apache.org/maven2/org/eclipse/tycho/tycho-compiler-plugin/0.25.0/tycho-compiler-plugin-0.25.0.jar
2017-02-15 22:02:14,678 [Worker-14] INFO  o.e.m.c.i.e.AbstractTransferListenerAdapter - Downloaded https://repo.maven.apache.org/maven2/org/eclipse/tycho/tycho-compiler-plugin/0.25.0/tycho-compiler-plugin-0.25.0.jar
2017-02-15 22:02:15,168 [Worker-14] INFO  o.e.m.c.i.e.AbstractTransferListenerAdapter - Downloading https://repo.maven.apache.org/maven2/org/eclipse/tycho/target-platform-configuration/0.25.0/target-platform-configuration-0.25.0.jar
2017-02-15 22:02:15,501 [Worker-14] INFO  o.e.m.c.i.e.AbstractTransferListenerAdapter - Downloaded https://repo.maven.apache.org/maven2/org/eclipse/tycho/target-platform-configuration/0.25.0/target-platform-configuration-0.25.0.jar
2017-02-15 22:02:16,000 [Worker-14] INFO  o.e.m.c.i.e.AbstractTransferListenerAdapter - Downloading https://repo.maven.apache.org/maven2/org/eclipse/tycho/tycho-p2-plugin/0.25.0/tycho-p2-plugin-0.25.0.jar
2017-02-15 22:02:16,359 [Worker-14] INFO  o.e.m.c.i.e.AbstractTransferListenerAdapter - Downloaded https://repo.maven.apache.org/maven2/org/eclipse/tycho/tycho-p2-plugin/0.25.0/tycho-p2-plugin-0.25.0.jar
2017-02-15 22:02:16,819 [Worker-14] INFO  o.e.m.c.i.e.AbstractTransferListenerAdapter - Downloading https://repo.maven.apache.org/maven2/org/eclipse/tycho/extras/tycho-source-feature-plugin/0.25.0/tycho-source-feature-plugin-0.25.0.jar
2017-02-15 22:02:17,175 [Worker-14] INFO  o.e.m.c.i.e.AbstractTransferListenerAdapter - Downloaded https://repo.maven.apache.org/maven2/org/eclipse/tycho/extras/tycho-source-feature-plugin/0.25.0/tycho-source-feature-plugin-0.25.0.jar
2017-02-15 22:02:17,691 [Worker-14] INFO  o.e.m.c.i.e.AbstractTransferListenerAdapter - Downloading https://repo.maven.apache.org/maven2/org/apache/maven/plugins/maven-install-plugin/2.3.1/maven-install-plugin-2.3.1.jar
2017-02-15 22:02:18,026 [Worker-14] INFO  o.e.m.c.i.e.AbstractTransferListenerAdapter - Downloaded https://repo.maven.apache.org/maven2/org/apache/maven/plugins/maven-install-plugin/2.3.1/maven-install-plugin-2.3.1.jar
2017-02-15 22:02:18,543 [Worker-14] INFO  o.e.m.c.i.e.AbstractTransferListenerAdapter - Downloading https://repo.maven.apache.org/maven2/org/apache/maven/plugins/maven-deploy-plugin/2.5/maven-deploy-plugin-2.5.jar
2017-02-15 22:02:18,934 [Worker-14] INFO  o.e.m.c.i.e.AbstractTransferListenerAdapter - Downloaded https://repo.maven.apache.org/maven2/org/apache/maven/plugins/maven-deploy-plugin/2.5/maven-deploy-plugin-2.5.jar
2017-02-15 22:02:19,383 [Worker-14] INFO  o.e.m.c.i.e.AbstractTransferListenerAdapter - Downloading https://repo.maven.apache.org/maven2/org/apache/maven/plugins/maven-site-plugin/3.3/maven-site-plugin-3.3.jar
2017-02-15 22:02:19,819 [Worker-14] INFO  o.e.m.c.i.e.AbstractTransferListenerAdapter - Downloaded https://repo.maven.apache.org/maven2/org/apache/maven/plugins/maven-site-plugin/3.3/maven-site-plugin-3.3.jar
2017-02-15 22:02:20,030 [Worker-14] INFO  o.e.m.c.i.l.LifecycleMappingFactory - Using DEFAULT lifecycle mapping for MavenProject: org.wso2.vihanga.example.student:org.wso2.vihanga.example.student:1.0.0-SNAPSHOT @ D:\Developer\My Projects\Eclipse-Plug-Ins\org.wso2.vihanga.example.student.parent\org.wso2.vihanga.example.student\pom.xml.
2017-02-15 22:02:22,669 [Worker-19] INFO  o.e.m.c.i.l.LifecycleMappingFactory - Using DEFAULT lifecycle mapping for MavenProject: org.wso2.vihanga.example.student:org.wso2.vihanga.example.student:1.0.0-SNAPSHOT @ D:\Developer\My Projects\Eclipse-Plug-Ins\org.wso2.vihanga.example.student.parent\org.wso2.vihanga.example.student\pom.xml.
2017-02-15 22:02:22,783 [Worker-19] INFO  o.e.m.c.i.l.LifecycleMappingFactory - Using DEFAULT lifecycle mapping for MavenProject: org.wso2.vihanga.example.student:org.wso2.vihanga.example.student.feature:1.0.0-SNAPSHOT @ D:\Developer\My Projects\Eclipse-Plug-Ins\org.wso2.vihanga.example.student.parent\org.wso2.vihanga.example.student.feature\pom.xml.
2017-02-15 22:02:22,948 [Worker-19] INFO  o.e.m.c.i.l.LifecycleMappingFactory - Using DEFAULT lifecycle mapping for MavenProject: org.wso2.vihanga.example.student:org.wso2.vihanga.example.student.ide:1.0.0-SNAPSHOT @ D:\Developer\My Projects\Eclipse-Plug-Ins\org.wso2.vihanga.example.student.parent\org.wso2.vihanga.example.student.ide\pom.xml.
2017-02-15 22:02:22,967 [Worker-19] INFO  o.e.m.c.i.l.LifecycleMappingFactory - Using NULL lifecycle mapping for MavenProject: org.wso2.vihanga.example.student:org.wso2.vihanga.example.student.parent:1.0.0-SNAPSHOT @ D:\Developer\My Projects\Eclipse-Plug-Ins\org.wso2.vihanga.example.student.parent\pom.xml.
2017-02-15 22:02:24,148 [Worker-5] INFO  o.e.m.c.i.l.LifecycleMappingFactory - Using DEFAULT lifecycle mapping for MavenProject: org.wso2.vihanga.example.student:org.wso2.vihanga.example.student.feature:1.0.0-SNAPSHOT @ D:\Developer\My Projects\Eclipse-Plug-Ins\org.wso2.vihanga.example.student.parent\org.wso2.vihanga.example.student.feature\pom.xml.
2017-02-15 22:02:24,757 [Worker-14] INFO  o.e.m.c.i.l.LifecycleMappingFactory - Using DEFAULT lifecycle mapping for MavenProject: org.wso2.vihanga.example.student:org.wso2.vihanga.example.student.ide:1.0.0-SNAPSHOT @ D:\Developer\My Projects\Eclipse-Plug-Ins\org.wso2.vihanga.example.student.parent\org.wso2.vihanga.example.student.ide\pom.xml.
2017-02-15 22:02:25,046 [Worker-19] INFO  o.e.m.c.i.e.AbstractTransferListenerAdapter - Downloading https://repo.maven.apache.org/maven2/org/eclipse/tycho/tycho-p2-publisher-plugin/0.25.0/tycho-p2-publisher-plugin-0.25.0.jar
2017-02-15 22:02:25,282 [Worker-14] INFO  o.e.m.c.i.l.LifecycleMappingFactory - Using NULL lifecycle mapping for MavenProject: org.wso2.vihanga.example.student:org.wso2.vihanga.example.student.parent:1.0.0-SNAPSHOT @ D:\Developer\My Projects\Eclipse-Plug-Ins\org.wso2.vihanga.example.student.parent\pom.xml.
2017-02-15 22:02:25,455 [Worker-14] INFO  o.e.m.c.i.l.LifecycleMappingFactory - Using DEFAULT lifecycle mapping for MavenProject: org.wso2.vihanga.example.student:org.wso2.vihanga.example.student:1.0.0-SNAPSHOT @ D:\Developer\My Projects\Eclipse-Plug-Ins\org.wso2.vihanga.example.student.parent\org.wso2.vihanga.example.student\pom.xml.
2017-02-15 22:02:25,563 [Worker-14] INFO  o.e.m.c.i.l.LifecycleMappingFactory - Using DEFAULT lifecycle mapping for MavenProject: org.wso2.vihanga.example.student:org.wso2.vihanga.example.student.feature:1.0.0-SNAPSHOT @ D:\Developer\My Projects\Eclipse-Plug-Ins\org.wso2.vihanga.example.student.parent\org.wso2.vihanga.example.student.feature\pom.xml.
2017-02-15 22:02:25,682 [Worker-14] INFO  o.e.m.c.i.l.LifecycleMappingFactory - Using DEFAULT lifecycle mapping for MavenProject: org.wso2.vihanga.example.student:org.wso2.vihanga.example.student.ide:1.0.0-SNAPSHOT @ D:\Developer\My Projects\Eclipse-Plug-Ins\org.wso2.vihanga.example.student.parent\org.wso2.vihanga.example.student.ide\pom.xml.
2017-02-15 22:02:25,846 [Worker-19] INFO  o.e.m.c.i.e.AbstractTransferListenerAdapter - Downloaded https://repo.maven.apache.org/maven2/org/eclipse/tycho/tycho-p2-publisher-plugin/0.25.0/tycho-p2-publisher-plugin-0.25.0.jar
2017-02-15 22:02:26,473 [Worker-19] INFO  o.e.m.c.i.e.AbstractTransferListenerAdapter - Downloading https://repo.maven.apache.org/maven2/org/eclipse/tycho/tycho-p2-repository-plugin/0.25.0/tycho-p2-repository-plugin-0.25.0.jar
2017-02-15 22:02:26,893 [Worker-19] INFO  o.e.m.c.i.e.AbstractTransferListenerAdapter - Downloaded https://repo.maven.apache.org/maven2/org/eclipse/tycho/tycho-p2-repository-plugin/0.25.0/tycho-p2-repository-plugin-0.25.0.jar
2017-02-15 22:02:27,125 [Worker-19] INFO  o.e.m.c.i.l.LifecycleMappingFactory - Using DEFAULT lifecycle mapping for MavenProject: org.wso2.vihanga.example.student:org.wso2.vihanga.example.student.repository:1.0.0-SNAPSHOT @ D:\Developer\My Projects\Eclipse-Plug-Ins\org.wso2.vihanga.example.student.parent\org.wso2.vihanga.example.student.repository\pom.xml.
2017-02-15 22:02:27,998 [Worker-13] INFO  o.e.m.c.i.e.AbstractTransferListenerAdapter - Downloading https://repo.maven.apache.org/maven2/org/eclipse/tycho/tycho-p2-repository-plugin/0.25.0/tycho-p2-repository-plugin-0.25.0.jar
2017-02-15 22:02:28,643 [Worker-13] INFO  o.e.m.c.i.e.AbstractTransferListenerAdapter - Downloaded https://repo.maven.apache.org/maven2/org/eclipse/tycho/tycho-p2-repository-plugin/0.25.0/tycho-p2-repository-plugin-0.25.0.jar
2017-02-15 22:02:28,892 [Worker-13] INFO  o.e.m.c.i.l.LifecycleMappingFactory - Using DEFAULT lifecycle mapping for MavenProject: org.wso2.vihanga.example.student:org.wso2.vihanga.example.student.repository:1.0.0-SNAPSHOT @ D:\Developer\My Projects\Eclipse-Plug-Ins\org.wso2.vihanga.example.student.parent\org.wso2.vihanga.example.student.repository\pom.xml.
2017-02-15 22:02:29,167 [Worker-13] INFO  o.e.m.c.i.l.LifecycleMappingFactory - Using DEFAULT lifecycle mapping for MavenProject: org.wso2.vihanga.example.student:org.wso2.vihanga.example.student.target:1.0.0-SNAPSHOT @ D:\Developer\My Projects\Eclipse-Plug-Ins\org.wso2.vihanga.example.student.parent\org.wso2.vihanga.example.student.target\pom.xml.
2017-02-15 22:02:30,843 [Worker-13] INFO  o.e.m.c.i.e.AbstractTransferListenerAdapter - Downloading https://repo.maven.apache.org/maven2/org/eclipse/tycho/tycho-surefire-plugin/0.25.0/tycho-surefire-plugin-0.25.0.jar
2017-02-15 22:02:31,866 [Worker-13] INFO  o.e.m.c.i.e.AbstractTransferListenerAdapter - Downloaded https://repo.maven.apache.org/maven2/org/eclipse/tycho/tycho-surefire-plugin/0.25.0/tycho-surefire-plugin-0.25.0.jar
2017-02-15 22:02:32,039 [Worker-13] INFO  o.e.m.c.i.l.LifecycleMappingFactory - Using DEFAULT lifecycle mapping for MavenProject: org.wso2.vihanga.example.student:org.wso2.vihanga.example.student.tests:1.0.0-SNAPSHOT @ D:\Developer\My Projects\Eclipse-Plug-Ins\org.wso2.vihanga.example.student.parent\org.wso2.vihanga.example.student.tests\pom.xml.
2017-02-15 22:02:32,369 [Worker-13] INFO  o.e.m.c.i.l.LifecycleMappingFactory - Using DEFAULT lifecycle mapping for MavenProject: org.wso2.vihanga.example.student:org.wso2.vihanga.example.student.ui:1.0.0-SNAPSHOT @ D:\Developer\My Projects\Eclipse-Plug-Ins\org.wso2.vihanga.example.student.parent\org.wso2.vihanga.example.student.ui\pom.xml.
2017-02-15 22:02:34,465 [Worker-19] INFO  o.e.m.c.i.l.LifecycleMappingFactory - Using DEFAULT lifecycle mapping for MavenProject: org.wso2.vihanga.example.student:org.wso2.vihanga.example.student:1.0.0-SNAPSHOT @ D:\Developer\My Projects\Eclipse-Plug-Ins\org.wso2.vihanga.example.student.parent\org.wso2.vihanga.example.student\pom.xml.
2017-02-15 22:02:34,570 [Worker-19] INFO  o.e.m.c.i.l.LifecycleMappingFactory - Using DEFAULT lifecycle mapping for MavenProject: org.wso2.vihanga.example.student:org.wso2.vihanga.example.student.feature:1.0.0-SNAPSHOT @ D:\Developer\My Projects\Eclipse-Plug-Ins\org.wso2.vihanga.example.student.parent\org.wso2.vihanga.example.student.feature\pom.xml.
2017-02-15 22:02:34,733 [Worker-19] INFO  o.e.m.c.i.l.LifecycleMappingFactory - Using DEFAULT lifecycle mapping for MavenProject: org.wso2.vihanga.example.student:org.wso2.vihanga.example.student.ide:1.0.0-SNAPSHOT @ D:\Developer\My Projects\Eclipse-Plug-Ins\org.wso2.vihanga.example.student.parent\org.wso2.vihanga.example.student.ide\pom.xml.
2017-02-15 22:02:34,738 [Worker-19] INFO  o.e.m.c.i.l.LifecycleMappingFactory - Using NULL lifecycle mapping for MavenProject: org.wso2.vihanga.example.student:org.wso2.vihanga.example.student.parent:1.0.0-SNAPSHOT @ D:\Developer\My Projects\Eclipse-Plug-Ins\org.wso2.vihanga.example.student.parent\pom.xml.
2017-02-15 22:02:34,876 [Worker-19] INFO  o.e.m.c.i.l.LifecycleMappingFactory - Using DEFAULT lifecycle mapping for MavenProject: org.wso2.vihanga.example.student:org.wso2.vihanga.example.student.repository:1.0.0-SNAPSHOT @ D:\Developer\My Projects\Eclipse-Plug-Ins\org.wso2.vihanga.example.student.parent\org.wso2.vihanga.example.student.repository\pom.xml.
2017-02-15 22:02:34,999 [Worker-19] INFO  o.e.m.c.i.l.LifecycleMappingFactory - Using DEFAULT lifecycle mapping for MavenProject: org.wso2.vihanga.example.student:org.wso2.vihanga.example.student.target:1.0.0-SNAPSHOT @ D:\Developer\My Projects\Eclipse-Plug-Ins\org.wso2.vihanga.example.student.parent\org.wso2.vihanga.example.student.target\pom.xml.
2017-02-15 22:02:35,251 [Worker-19] INFO  o.e.m.c.i.l.LifecycleMappingFactory - Using DEFAULT lifecycle mapping for MavenProject: org.wso2.vihanga.example.student:org.wso2.vihanga.example.student.tests:1.0.0-SNAPSHOT @ D:\Developer\My Projects\Eclipse-Plug-Ins\org.wso2.vihanga.example.student.parent\org.wso2.vihanga.example.student.tests\pom.xml.
2017-02-15 22:02:35,355 [Worker-13] INFO  o.e.m.c.i.l.LifecycleMappingFactory - Using DEFAULT lifecycle mapping for MavenProject: org.wso2.vihanga.example.student:org.wso2.vihanga.example.student.ui.tests:1.0.0-SNAPSHOT @ D:\Developer\My Projects\Eclipse-Plug-Ins\org.wso2.vihanga.example.student.parent\org.wso2.vihanga.example.student.ui.tests\pom.xml.
2017-02-15 22:02:36,960 [Worker-16] INFO  o.e.m.c.i.l.LifecycleMappingFactory - Using DEFAULT lifecycle mapping for MavenProject: org.wso2.vihanga.example.student:org.wso2.vihanga.example.student:1.0.0-SNAPSHOT @ D:\Developer\My Projects\Eclipse-Plug-Ins\org.wso2.vihanga.example.student.parent\org.wso2.vihanga.example.student\pom.xml.
2017-02-15 22:02:37,086 [Worker-16] INFO  o.e.m.c.i.l.LifecycleMappingFactory - Using DEFAULT lifecycle mapping for MavenProject: org.wso2.vihanga.example.student:org.wso2.vihanga.example.student.feature:1.0.0-SNAPSHOT @ D:\Developer\My Projects\Eclipse-Plug-Ins\org.wso2.vihanga.example.student.parent\org.wso2.vihanga.example.student.feature\pom.xml.
2017-02-15 22:02:37,209 [Worker-16] INFO  o.e.m.c.i.l.LifecycleMappingFactory - Using DEFAULT lifecycle mapping for MavenProject: org.wso2.vihanga.example.student:org.wso2.vihanga.example.student.ide:1.0.0-SNAPSHOT @ D:\Developer\My Projects\Eclipse-Plug-Ins\org.wso2.vihanga.example.student.parent\org.wso2.vihanga.example.student.ide\pom.xml.
2017-02-15 22:02:37,212 [Worker-16] INFO  o.e.m.c.i.l.LifecycleMappingFactory - Using NULL lifecycle mapping for MavenProject: org.wso2.vihanga.example.student:org.wso2.vihanga.example.student.parent:1.0.0-SNAPSHOT @ D:\Developer\My Projects\Eclipse-Plug-Ins\org.wso2.vihanga.example.student.parent\pom.xml.
2017-02-15 22:02:37,308 [Worker-16] INFO  o.e.m.c.i.l.LifecycleMappingFactory - Using DEFAULT lifecycle mapping for MavenProject: org.wso2.vihanga.example.student:org.wso2.vihanga.example.student.repository:1.0.0-SNAPSHOT @ D:\Developer\My Projects\Eclipse-Plug-Ins\org.wso2.vihanga.example.student.parent\org.wso2.vihanga.example.student.repository\pom.xml.
2017-02-15 22:02:37,363 [Worker-16] INFO  o.e.m.c.i.l.LifecycleMappingFactory - Using DEFAULT lifecycle mapping for MavenProject: org.wso2.vihanga.example.student:org.wso2.vihanga.example.student.target:1.0.0-SNAPSHOT @ D:\Developer\My Projects\Eclipse-Plug-Ins\org.wso2.vihanga.example.student.parent\org.wso2.vihanga.example.student.target\pom.xml.
2017-02-15 22:02:37,453 [Worker-16] INFO  o.e.m.c.i.l.LifecycleMappingFactory - Using DEFAULT lifecycle mapping for MavenProject: org.wso2.vihanga.example.student:org.wso2.vihanga.example.student.tests:1.0.0-SNAPSHOT @ D:\Developer\My Projects\Eclipse-Plug-Ins\org.wso2.vihanga.example.student.parent\org.wso2.vihanga.example.student.tests\pom.xml.
2017-02-15 22:02:37,529 [Worker-16] INFO  o.e.m.c.i.l.LifecycleMappingFactory - Using DEFAULT lifecycle mapping for MavenProject: org.wso2.vihanga.example.student:org.wso2.vihanga.example.student.ui:1.0.0-SNAPSHOT @ D:\Developer\My Projects\Eclipse-Plug-Ins\org.wso2.vihanga.example.student.parent\org.wso2.vihanga.example.student.ui\pom.xml.
2017-02-15 22:02:37,609 [Worker-16] INFO  o.e.m.c.i.l.LifecycleMappingFactory - Using DEFAULT lifecycle mapping for MavenProject: org.wso2.vihanga.example.student:org.wso2.vihanga.example.student.ui.tests:1.0.0-SNAPSHOT @ D:\Developer\My Projects\Eclipse-Plug-Ins\org.wso2.vihanga.example.student.parent\org.wso2.vihanga.example.student.ui.tests\pom.xml.
